#
# There is insufficient memory for the Java Runtime Environment to continue.
# Native memory allocation (malloc) failed to allocate 1048576 bytes for AllocateHeap
# Possible reasons:
#   The system is out of physical RAM or swap space
#   The process is running with CompressedOops enabled, and the Java Heap may be blocking the growth of the native heap
# Possible solutions:
#   Reduce memory load on the system
#   Increase physical memory or swap space
#   Check if swap backing store is full
#   Decrease Java heap size (-Xmx/-Xms)
#   Decrease number of Java threads
#   Decrease Java thread stack sizes (-Xss)
#   Set larger code cache with -XX:ReservedCodeCacheSize=
#   JVM is running with Unscaled Compressed Oops mode in which the Java heap is
#     placed in the first 4GB address space. The Java Heap base address is the
#     maximum limit for the native heap growth. Please use -XX:HeapBaseMinAddress
#     to set the Java Heap base and to place the Java Heap above 4GB virtual address.
# This output file may be truncated or incomplete.
#
#  Out of Memory Error (memory/allocation.inline.hpp:61), pid=18916, tid=0x0000000000004780
#
# JRE version:  (8.0_302-b08) (build )
# Java VM: OpenJDK 64-Bit Server VM (25.302-b08 mixed mode windows-amd64 compressed oops)
# Failed to write core dump. Minidumps are not enabled by default on client versions of Windows
#

---------------  T H R E A D  ---------------

Current thread (0x0000020881a27800):  JavaThread "Unknown thread" [_thread_in_vm, id=18304, stack(0x0000000c51700000,0x0000000c51800000)]

Stack: [0x0000000c51700000,0x0000000c51800000]
[error occurred during error reporting (printing stack bounds), id 0xc0000005]

Native frames: (J=compiled Java code, j=interpreted, Vv=VM code, C=native code)


---------------  P R O C E S S  ---------------

Java Threads: ( => current thread )

Other Threads:

=>0x0000020881a27800 (exited) JavaThread "Unknown thread" [_thread_in_vm, id=18304, stack(0x0000000c51700000,0x0000000c51800000)]

VM state:not at safepoint (normal execution)

VM Mutex/Monitor currently owned by a thread: None

heap address: 0x0000000081600000, size: 2026 MB, Compressed Oops mode: 32-bit
Narrow klass base: 0x0000000000000000, Narrow klass shift: 3
Compressed class space size: 1073741824 Address: 0x0000000100000000

Heap:
 PSYoungGen      total 38400K, used 665K [0x00000000d5d00000, 0x00000000d8780000, 0x0000000100000000)
  eden space 33280K, 2% used [0x00000000d5d00000,0x00000000d5da6670,0x00000000d7d80000)
  from space 5120K, 0% used [0x00000000d8280000,0x00000000d8280000,0x00000000d8780000)
  to   space 5120K, 0% used [0x00000000d7d80000,0x00000000d7d80000,0x00000000d8280000)
 ParOldGen       total 87552K, used 0K [0x0000000081600000, 0x0000000086b80000, 0x00000000d5d00000)
  object space 87552K, 0% used [0x0000000081600000,0x0000000081600000,0x0000000086b80000)
 Metaspace       used 781K, capacity 4480K, committed 4480K, reserved 1056768K
  class space    used 76K, capacity 384K, committed 384K, reserved 1048576K

Card table byte_map: [0x0000020892690000,0x0000020892a90000] byte_map_base: 0x0000020892285000

Marking Bits: (ParMarkBitMap*) 0x000000005d85c820
 Begin Bits: [0x0000020892d40000, 0x0000020894ce8000)
 End Bits:   [0x0000020894ce8000, 0x0000020896c90000)

Polling page: 0x00000208819b0000

CodeCache: size=245760Kb used=328Kb max_used=328Kb free=245431Kb
 bounds [0x00000208832d0000, 0x0000020883540000, 0x00000208922d0000]
 total_blobs=57 nmethods=0 adapters=38
 compilation: enabled

Compilation events (0 events):
No events

GC Heap History (0 events):
No events

Deoptimization events (0 events):
No events

Classes redefined (0 events):
No events

Internal exceptions (0 events):
No events

Events (10 events):
Event: 0.041 loading class java/lang/Short
Event: 0.041 loading class java/lang/Short done
Event: 0.041 loading class java/lang/Integer
Event: 0.041 loading class java/lang/Integer done
Event: 0.041 loading class java/lang/Long
Event: 0.042 loading class java/lang/Long done
Event: 0.043 loading class java/lang/NullPointerException
Event: 0.043 loading class java/lang/NullPointerException done
Event: 0.043 loading class java/lang/ArithmeticException
Event: 0.043 loading class java/lang/ArithmeticException done


Dynamic libraries:
0x00007ff6d77d0000 - 0x00007ff6d780a000 	C:\Program Files\Eclipse Foundation\jdk-8.0.302.8-hotspot\bin\java.exe
0x00007fff82570000 - 0x00007fff82768000 	C:\WINDOWS\SYSTEM32\ntdll.dll
0x00007fff81210000 - 0x00007fff812cd000 	C:\WINDOWS\System32\KERNEL32.DLL
0x00007fff800e0000 - 0x00007fff803ae000 	C:\WINDOWS\System32\KERNELBASE.dll
0x00007fff82310000 - 0x00007fff823be000 	C:\WINDOWS\System32\ADVAPI32.dll
0x00007fff823c0000 - 0x00007fff8245e000 	C:\WINDOWS\System32\msvcrt.dll
0x00007fff80780000 - 0x00007fff8081c000 	C:\WINDOWS\System32\sechost.dll
0x00007fff81a90000 - 0x00007fff81bb5000 	C:\WINDOWS\System32\RPCRT4.dll
0x00007fff80fc0000 - 0x00007fff81160000 	C:\WINDOWS\System32\USER32.dll
0x00007fff80550000 - 0x00007fff80572000 	C:\WINDOWS\System32\win32u.dll
0x00007fff818b0000 - 0x00007fff818da000 	C:\WINDOWS\System32\GDI32.dll
0x00007fff7fe40000 - 0x00007fff7ff4b000 	C:\WINDOWS\System32\gdi32full.dll
0x00007fff803b0000 - 0x00007fff8044d000 	C:\WINDOWS\System32\msvcp_win.dll
0x00007fff80450000 - 0x00007fff80550000 	C:\WINDOWS\System32\ucrtbase.dll
0x00007fff70690000 - 0x00007fff7092a000 	C:\WINDOWS\WinSxS\amd64_microsoft.windows.common-controls_6595b64144ccf1df_6.0.19041.1110_none_60b5254171f9507e\COMCTL32.dll
0x00007fff817d0000 - 0x00007fff81800000 	C:\WINDOWS\System32\IMM32.DLL
0x00007fff35320000 - 0x00007fff3540f000 	C:\Program Files\Eclipse Foundation\jdk-8.0.302.8-hotspot\jre\bin\msvcr120.dll
0x00007fff3a190000 - 0x00007fff3a236000 	C:\Program Files\Eclipse Foundation\jdk-8.0.302.8-hotspot\jre\bin\msvcp120.dll
0x000000005d070000 - 0x000000005d8db000 	C:\Program Files\Eclipse Foundation\jdk-8.0.302.8-hotspot\jre\bin\server\jvm.dll
0x00007fff80710000 - 0x00007fff80718000 	C:\WINDOWS\System32\PSAPI.DLL
0x00007fff796a0000 - 0x00007fff796aa000 	C:\WINDOWS\SYSTEM32\VERSION.dll
0x00007fff6dfc0000 - 0x00007fff6dfe7000 	C:\WINDOWS\SYSTEM32\WINMM.dll
0x00007fff50a20000 - 0x00007fff50a29000 	C:\WINDOWS\SYSTEM32\WSOCK32.dll
0x00007fff80bf0000 - 0x00007fff80c5b000 	C:\WINDOWS\System32\WS2_32.dll
0x00007fff7b730000 - 0x00007fff7b73f000 	C:\Program Files\Eclipse Foundation\jdk-8.0.302.8-hotspot\jre\bin\verify.dll
0x00007fff7a740000 - 0x00007fff7a769000 	C:\Program Files\Eclipse Foundation\jdk-8.0.302.8-hotspot\jre\bin\java.dll
0x00007fff7a630000 - 0x00007fff7a646000 	C:\Program Files\Eclipse Foundation\jdk-8.0.302.8-hotspot\jre\bin\zip.dll

VM Arguments:
java_command: <unknown>
java_class_path (initial): .
Launcher Type: SUN_STANDARD

Environment Variables:
PATH=C:\Program Files\Eclipse Foundation\jdk-8.0.302.8-hotspot\bin;C:\Program Files\Common Files\Oracle\Java\javapath;C:\Program Files (x86)\Common Files\Oracle\Java\javapath;C:\Python310\Scripts\;C:\Python310\;C:\Program Files\Microsoft MPI\Bin\;C:\WINDOWS\system32;C:\WINDOWS;C:\WINDOWS\System32\Wbem;C:\WINDOWS\System32\WindowsPowerShell\v1.0\;C:\Program Files (x86)\Intel\OpenCL SDK\2.0\bin\x86;C:\Program Files (x86)\Intel\OpenCL SDK\2.0\bin\x64;C:\WINDOWS\System32\OpenSSH\;C:\Program Files\dotnet\;C:\Program Files\Microsoft SQL Server\130\Tools\Binn\;C:\Program Files (x86)\dotnet\;C:\Program Files\Microsoft SQL Server\Client SDK\ODBC\170\Tools\Binn\;C:\Program Files (x86)\Microsoft SQL Server\150\Tools\Binn\;C:\Program Files\Microsoft SQL Server\150\Tools\Binn\;C:\Program Files\Microsoft SQL Server\150\DTS\Binn\;C:\Program Files (x86)\Microsoft SQL Server\150\DTS\Binn\;C:\Program Files\Azure Data Studio\bin;C:\ProgramData\chocolatey\bin;C:\Program Files\nodejs\;C:\Program Files\Git\cmd;C:\Users\Mario\AppData\Local\Microsoft\WindowsApps;C:\Users\Mario\.dotnet\tools;C:\Program Files\Azure Data Studio\bin;C:\Users\Mario\AppData\Roaming\npm;C:\Users\Mario\AppData\Local\Programs\Microsoft VS Code\bin;C:\Users\Mario\AppData\Local\GitHubDesktop\bin
USERNAME=Mario
OS=Windows_NT
PROCESSOR_IDENTIFIER=Intel64 Family 6 Model 42 Stepping 7, GenuineIntel



---------------  S Y S T E M  ---------------

OS: Windows 10.0 , 64 bit Build 19041 (10.0.19041.1889)

CPU:total 8 (initial active 8) (4 cores per cpu, 2 threads per core) family 6 model 42 stepping 7, cmov, cx8, fxsr, mmx, sse, sse2, sse3, ssse3, sse4.1, sse4.2, popcnt, avx, aes, clmul, ht, tsc, tscinvbit

Memory: 4k page, physical 8293056k(2443828k free), swap 16681664k(3440k free)

vm_info: OpenJDK 64-Bit Server VM (25.302-b08) for windows-amd64 JRE (1.8.0_302-b08), built on Jul 20 2021 21:31:03 by "jenkins" with MS VC++ 12.0 (VS2013)

time: Tue Aug 16 10:10:03 2022
timezone: Hora estándar de Argentina
elapsed time: 0.065819 seconds (0d 0h 0m 0s)

